[debug] [2023-02-23T11:35:50.577Z] ----------------------------------------------------------------------
[debug] [2023-02-23T11:35:50.578Z] Command:       /home/jesesse/.nvm/versions/node/v16.14.0/bin/node /home/jesesse/.nvm/versions/node/v16.14.0/bin/firebase init
[debug] [2023-02-23T11:35:50.579Z] CLI Version:   11.23.1
[debug] [2023-02-23T11:35:50.579Z] Platform:      linux
[debug] [2023-02-23T11:35:50.579Z] Node Version:  v16.14.0
[debug] [2023-02-23T11:35:50.579Z] Time:          Thu Feb 23 2023 13:35:50 GMT+0200 (Eastern European Standard Time)
[debug] [2023-02-23T11:35:50.579Z] ----------------------------------------------------------------------
[debug] 
[debug] [2023-02-23T11:35:50.581Z] >>> [apiv2][query] GET https://firebase-public.firebaseio.com/cli.json [none]
[debug] [2023-02-23T11:35:50.596Z] > command requires scopes: ["email","openid","https://www.googleapis.com/auth/cloudplatformprojects.readonly","https://www.googleapis.com/auth/firebase","https://www.googleapis.com/auth/cloud-platform"]
[debug] [2023-02-23T11:35:50.596Z] > authorizing via signed-in user (jesse.j.lamsa@gmail.com)
[info] 
     ######## #### ########  ######## ########     ###     ######  ########
     ##        ##  ##     ## ##       ##     ##  ##   ##  ##       ##
     ######    ##  ########  ######   ########  #########  ######  ######
     ##        ##  ##    ##  ##       ##     ## ##     ##       ## ##
     ##       #### ##     ## ######## ########  ##     ##  ######  ########

You're about to initialize a Firebase project in this directory:

  /home/jesesse/repos/cd-library

[debug] [2023-02-23T11:35:56.600Z] <<< [apiv2][status] GET https://firebase-public.firebaseio.com/cli.json 200
[debug] [2023-02-23T11:35:56.600Z] <<< [apiv2][body] GET https://firebase-public.firebaseio.com/cli.json {"cloudBuildErrorAfter":1594252800000,"cloudBuildWarnAfter":1590019200000,"defaultNode10After":1594252800000,"minVersion":"3.0.5","node8DeploysDisabledAfter":1613390400000,"node8RuntimeDisabledAfter":1615809600000,"node8WarnAfter":1600128000000}
[info] 
=== Project Setup
[info] 
[info] First, let's associate this project directory with a Firebase project.
[info] You can create multiple project aliases by running firebase use --add, 
[info] but for now we'll just set up a default project.
[info] 
[debug] [2023-02-23T11:37:19.523Z] > refreshing access token with scopes: []
[debug] [2023-02-23T11:37:19.528Z] >>> [apiv2][query] POST https://www.googleapis.com/oauth2/v3/token [none]
[debug] [2023-02-23T11:37:19.528Z] >>> [apiv2][body] POST https://www.googleapis.com/oauth2/v3/token [omitted]
[debug] [2023-02-23T11:37:19.618Z] <<< [apiv2][status] POST https://www.googleapis.com/oauth2/v3/token 200
[debug] [2023-02-23T11:37:19.618Z] <<< [apiv2][body] POST https://www.googleapis.com/oauth2/v3/token [omitted]
[debug] [2023-02-23T11:37:19.694Z] >>> [apiv2][query] GET https://firebase.googleapis.com/v1beta1/projects pageSize=100
